<?xml version="1.0" encoding="UTF-8"?>
<!-- Generated by org.testng.reporters.JUnitReportReporter -->
<testsuite hostname="ARPGL002607" failures="0" tests="1" name="com.bags.tests.TC_homepage" time="1.746" errors="0" timestamp="2022-10-10T15:34:35 IST" skipped="0">
  <testcase classname="com.bags.tests.TC_homepage" name="buyBags" time="1.746"/>
  <system-out/>
</testsuite> <!-- com.bags.tests.TC_homepage -->
