<?xml version="1.0" encoding="UTF-8"?>
<!-- Generated by org.testng.reporters.JUnitReportReporter -->
<testsuite hostname="ARPGL002607" failures="0" tests="1" name="com.bags.utitities.TC_Logintest" time="3.204" errors="0" timestamp="2022-10-09T09:49:54 IST" skipped="0">
  <testcase classname="com.bags.utitities.TC_Logintest" name="varifyragistration" time="3.204"/>
  <system-out/>
</testsuite> <!-- com.bags.utitities.TC_Logintest -->
